#! /usr/share/iverilog-0.10.0/bin/vvp
:ivl_version "0.10.0 (devel)" "(v0_9_6)";
:ivl_delay_selection "TYPICAL";
:vpi_time_precision + 0;
:vpi_module "system";
:vpi_module "vhdl_sys";
:vpi_module "v2005_math";
:vpi_module "va_math";
:vpi_module "v2009";
S_0xaa4330 .scope module, "vote_tb" "vote_tb" 2 1;
 .timescale 0 0;
v0xab9ff0_0 .var "I", 3 0;
v0xaba0e0_0 .net "O", 3 1, v0xab9eb0_0;  1 drivers
S_0xa9f7b0 .scope module, "s" "voter_if" 2 31, 3 1 0, S_0xaa4330;
 .timescale 0 0;
    .port_info 0 /INPUT 4 "I"
    .port_info 1 /OUTPUT 3 "O"
v0xa9f9c0_0 .net "I", 3 0, v0xab9ff0_0;  1 drivers
v0xab9eb0_0 .var "O", 3 1;
E_0xa9f980 .event edge, v0xa9f9c0_0;
    .scope S_0xa9f7b0;
T_0 ;
    %wait E_0xa9f980;
    %load/v 8, v0xa9f9c0_0, 4;
    %cmpi/u 8, 0, 4;
    %jmp/1 T_0.0, 6;
    %cmpi/u 8, 1, 4;
    %jmp/1 T_0.1, 6;
    %cmpi/u 8, 2, 4;
    %jmp/1 T_0.2, 6;
    %cmpi/u 8, 4, 4;
    %jmp/1 T_0.3, 6;
    %cmpi/u 8, 8, 4;
    %jmp/1 T_0.4, 6;
    %ix/load 0, 2, 0;
    %set/x0 v0xab9eb0_0, 0, 1;
    %jmp T_0.6;
T_0.0 ;
    %ix/load 0, 2, 0;
    %set/x0 v0xab9eb0_0, 1, 1;
    %jmp T_0.6;
T_0.1 ;
    %ix/load 0, 2, 0;
    %set/x0 v0xab9eb0_0, 1, 1;
    %jmp T_0.6;
T_0.2 ;
    %ix/load 0, 2, 0;
    %set/x0 v0xab9eb0_0, 1, 1;
    %jmp T_0.6;
T_0.3 ;
    %ix/load 0, 2, 0;
    %set/x0 v0xab9eb0_0, 1, 1;
    %jmp T_0.6;
T_0.4 ;
    %ix/load 0, 2, 0;
    %set/x0 v0xab9eb0_0, 1, 1;
    %jmp T_0.6;
T_0.6 ;
    %load/v 8, v0xa9f9c0_0, 4;
    %cmpi/u 8, 3, 4;
    %jmp/1 T_0.7, 6;
    %cmpi/u 8, 5, 4;
    %jmp/1 T_0.8, 6;
    %cmpi/u 8, 6, 4;
    %jmp/1 T_0.9, 6;
    %cmpi/u 8, 9, 4;
    %jmp/1 T_0.10, 6;
    %cmpi/u 8, 10, 4;
    %jmp/1 T_0.11, 6;
    %cmpi/u 8, 12, 4;
    %jmp/1 T_0.12, 6;
    %ix/load 0, 1, 0;
    %set/x0 v0xab9eb0_0, 0, 1;
    %jmp T_0.14;
T_0.7 ;
    %ix/load 0, 1, 0;
    %set/x0 v0xab9eb0_0, 1, 1;
    %jmp T_0.14;
T_0.8 ;
    %ix/load 0, 1, 0;
    %set/x0 v0xab9eb0_0, 1, 1;
    %jmp T_0.14;
T_0.9 ;
    %ix/load 0, 1, 0;
    %set/x0 v0xab9eb0_0, 1, 1;
    %jmp T_0.14;
T_0.10 ;
    %ix/load 0, 1, 0;
    %set/x0 v0xab9eb0_0, 1, 1;
    %jmp T_0.14;
T_0.11 ;
    %ix/load 0, 1, 0;
    %set/x0 v0xab9eb0_0, 1, 1;
    %jmp T_0.14;
T_0.12 ;
    %ix/load 0, 1, 0;
    %set/x0 v0xab9eb0_0, 1, 1;
    %jmp T_0.14;
T_0.14 ;
    %load/v 8, v0xa9f9c0_0, 4;
    %cmpi/u 8, 14, 4;
    %jmp/1 T_0.15, 6;
    %cmpi/u 8, 13, 4;
    %jmp/1 T_0.16, 6;
    %cmpi/u 8, 11, 4;
    %jmp/1 T_0.17, 6;
    %cmpi/u 8, 7, 4;
    %jmp/1 T_0.18, 6;
    %cmpi/u 8, 15, 4;
    %jmp/1 T_0.19, 6;
    %ix/load 0, 0, 0;
    %set/x0 v0xab9eb0_0, 0, 1;
    %jmp T_0.21;
T_0.15 ;
    %ix/load 0, 0, 0;
    %set/x0 v0xab9eb0_0, 1, 1;
    %jmp T_0.21;
T_0.16 ;
    %ix/load 0, 0, 0;
    %set/x0 v0xab9eb0_0, 1, 1;
    %jmp T_0.21;
T_0.17 ;
    %ix/load 0, 0, 0;
    %set/x0 v0xab9eb0_0, 1, 1;
    %jmp T_0.21;
T_0.18 ;
    %ix/load 0, 0, 0;
    %set/x0 v0xab9eb0_0, 1, 1;
    %jmp T_0.21;
T_0.19 ;
    %ix/load 0, 0, 0;
    %set/x0 v0xab9eb0_0, 1, 1;
    %jmp T_0.21;
T_0.21 ;
    %jmp T_0;
    .thread T_0, $push;
    .scope S_0xaa4330;
T_1 ;
    %vpi_call/w 2 7 "$dumpfile", "vote.vcd" {0 0};
    %vpi_call/w 2 8 "$dumpvars", 1'sb0, S_0xa9f7b0 {0 0};
    %vpi_call/w 2 10 "$monitor", "I = %b, O = %b ", v0xab9ff0_0, v0xaba0e0_0 {0 0};
    %delay 10, 0;
    %set/v v0xab9ff0_0, 0, 4;
    %delay 10, 0;
    %movi 8, 1, 4;
    %set/v v0xab9ff0_0, 8, 4;
    %delay 10, 0;
    %movi 8, 2, 4;
    %set/v v0xab9ff0_0, 8, 4;
    %delay 10, 0;
    %movi 8, 3, 4;
    %set/v v0xab9ff0_0, 8, 4;
    %delay 10, 0;
    %movi 8, 4, 4;
    %set/v v0xab9ff0_0, 8, 4;
    %delay 10, 0;
    %movi 8, 5, 4;
    %set/v v0xab9ff0_0, 8, 4;
    %delay 10, 0;
    %movi 8, 6, 4;
    %set/v v0xab9ff0_0, 8, 4;
    %delay 10, 0;
    %movi 8, 7, 4;
    %set/v v0xab9ff0_0, 8, 4;
    %delay 10, 0;
    %movi 8, 8, 4;
    %set/v v0xab9ff0_0, 8, 4;
    %delay 10, 0;
    %movi 8, 9, 4;
    %set/v v0xab9ff0_0, 8, 4;
    %delay 10, 0;
    %movi 8, 10, 4;
    %set/v v0xab9ff0_0, 8, 4;
    %delay 10, 0;
    %movi 8, 11, 4;
    %set/v v0xab9ff0_0, 8, 4;
    %delay 10, 0;
    %movi 8, 12, 4;
    %set/v v0xab9ff0_0, 8, 4;
    %delay 10, 0;
    %movi 8, 13, 4;
    %set/v v0xab9ff0_0, 8, 4;
    %delay 10, 0;
    %movi 8, 14, 4;
    %set/v v0xab9ff0_0, 8, 4;
    %delay 10, 0;
    %set/v v0xab9ff0_0, 1, 4;
    %delay 10, 0;
    %vpi_call/w 2 28 "$finish" {0 0};
    %end;
    .thread T_1;
# The file index is used to find the file name in the following table.
:file_names 4;
    "N/A";
    "<interactive>";
    "testbench.sv";
    "design.sv";
